<descriptor since="2.2.4">
  <description>
    Test the ability to capture the stack trace on the server and recreate that on clients.
  </description>
  <client href ="*.bsh" />
  <service />
</descriptor>
