<descriptor since="2.0">
    <description>nillable test</description>
    <service basedir="./server">
    </service>
    <client name="fromjava.nillable_430">
        <description>nillable test </description>
        <![CDATA[
            str = testEndpointImplPort.test(null, null, null, null);
            assertNull(str);
        ]]>
    </client>

</descriptor>
