<descriptor since="2.0">
    <description>XOP test from TCK </description>

    <client href ="test.bsh" />

    <service basedir="./server">
        <wsdl href="hello.wsdl"/>
    </service>
</descriptor>
