<descriptor since="2.1" uses="ri">
  <description>soap fault</description>
</descriptor>