<descriptor since="2.0">
  <description>This is a Provider test</description>

  <client name="fromjava.seiimpl1" sideEffectFree="true">
  <description>testSimple</description>
  <![CDATA[
        bar = new Bar();
        bar.setAge(33);
        assertEquals("test", echoImplPort.echoString("test"));
        assertEquals("Mary & Paul", echoImplPort.echoString("Mary & Paul"));
        assertEquals(bar.getAge(), echoImplPort.echoBar(bar).getAge());
  ]]></client>

  <client name="fromjava.seiimpl2" sideEffectFree="true">
  <description>echoBarList</description>
  <![CDATA[
        bar1 = new Bar();
        bar1.setAge(33); 
        bar2 = new Bar();
        bar2.setAge(44);

        barList = new ArrayList();
        barList.add(bar1);
        barList.add(bar2);

        retList = echoImplPort.echoBarList(barList);
        assertEquals(2, retList.size());
        assertEquals(bar1.getAge(), retList.get(0).getAge());
        assertEquals(bar2.getAge(), retList.get(1).getAge());
  ]]></client>

  <service basedir="./server">
  </service>

</descriptor>
