<descriptor since="2.2">
  <description>Endpoint.setApplicationContext test case</description>

</descriptor>
