<descriptor>
  <description>WS-Addressing required test</description>

  <service basedir="./server" />
</descriptor>
