<descriptor since="2.0" transport="http" uses="servlet ri">
  <description>httpsessionscope</description>
    
  <service basedir="./server">
  </service>

</descriptor>
