<descriptor since="2.2">
  <description>Endpoint API with web service features</description>

</descriptor>
