<descriptor since="2.2.3">
  <description>Endpoint HttpContext test</description>

</descriptor>
