<descriptor since="2.1">
  <description>Namespace test</description>

</descriptor>
