<descriptor since="2.1.3">
    <description>
        Tests Web Service on inner class
    </description>
    <client name="fromjava.innerclass">
        <![CDATA[
        Bar bar = new Bar();
        bar.setAge(33);

        assertNull(echoInnerPort.echoString(null));
        assertEquals("test", echoInnerPort.echoString("test"));
        assertEquals("Mary & Paul", echoInnerPort.echoString("Mary & Paul"));
        assertNull(echoInnerPort.echoBar(null));
        assertEquals(bar.getAge(), echoInnerPort.echoBar(bar).getAge());
        ]]>
    </client>
    <service class="fromjava.innerclass.EchoImpl$EchoInner"/>
</descriptor>
