<descriptor>
  <description>WS-Addressing action test</description>

  <service basedir="./server" />
</descriptor>
