<descriptor since="2.2" transport="http" uses="multi-endpoint" bugs="jax-ws-596">
  <description>
    Test for SOAPAction with different values of BindingProvider.SOAPACTION_USE_PROPERTY
  </description>
  <service basedir="./server">
  </service>
</descriptor>
