<descriptor since="2.0">
  <description>This is a JAXWS195 test</description>

  <client sideEffectFree="true" href="axis.bsh" />
  <client sideEffectFree="true" href="jaxws.bsh"/>

  <service basedir="./server">
  </service>

</descriptor>
