<descriptor since="2.1.*" uses="ri">
    <description>Tests EPR related API and behavior defined in spec</description>
    <service basedir="./server">
        <wsdl href="HelloService.wsdl"/>
    </service>
    
</descriptor>

