<descriptor since="2.2">
  <description>bare_710</description>

  <service basedir="./server">
  </service>

</descriptor>
