<descriptor since="2.1.3">
    <description>This is a external jaxws customization test</description>
    <service basedir="./server">
        <wsdl href="custom.wsdl"/>
    </service>
    <client name="test1">
        arg = "Hello";
        extra = "Works";

        argHolder = new Holder();
        argHolder.value = arg;

        extHolder = new Holder();
        extHolder.value = extra;

        helloPort.helloWorld(argHolder, extHolder);
        assertEquals(argHolder.value, arg + " World!");
        assertEquals(extHolder.value, extra + " Fine!");
    </client>
    <client name="test2">
        req = new MyAbstractType();
        req.setAbstract("Hello Abstract");
        req.setStatic("Hello Static");
        abstractReq = new Holder("abstract");
        staticReq = new Holder("static");

        helloPort.helloAbstract(abstractReq, staticReq);
        assertEquals(abstractReq.value, "hello abstract!");
        assertEquals(staticReq.value, "hello static!");
    </client>

    <client name="test3">
        req = new RenamedFoo();
        req.setFooChild1("Hello");
        req.setFooChild2("World!");
        resp = helloPort.echoFoo(req);
        assertEquals(resp.getFooResponse1(), "Hello World!");
    </client>
</descriptor>