<descriptor since="2.2" >
  <description>service api</description>

</descriptor>
