<descriptor since="2.2.6">
  <description>Tests WSEndpointReference API </description>
  <service basedir="./server" />
</descriptor>

