<descriptor since="2.1" uses="ri">
  <description>StreamMessageTest</description>

</descriptor>
