<!-- Not yet fixed in 2.2.5 -->
<descriptor since="2.2.6">
  <description>This is a JAXWS 563 test</description>
  <service basedir="./server">
  </service>
</descriptor>
