<!-- Not yet fixed in 2.2.2 -->
<descriptor since="2.2.3">
  <description>This is a JAXWS 563 test</description>
  <service basedir="./server">
  </service>
</descriptor>
