<descriptor since="2.0">
  <description>Endpoint API</description>

</descriptor>
