<descriptor since="2.1.5" >
    <description>End to End tests using W3C EPR</description>
    <service basedir="./server">
        <wsdl href="AddNumbers.wsdl"/>
    </service>  
</descriptor>