<descriptor since="2.2.1" uses="ri">
  <description>StreamMessageCopyTest</description>

</descriptor>
