<descriptor since="2.1.5" transport="http">
  <description>This is a Provider Oneway test</description>

  <service basedir="./server">
    <wsdl href="hello_literal_oneway.wsdl"/>
  </service>

</descriptor>
