<descriptor since="2.0">
  <description>Endpoint XXE</description>

</descriptor>
