<descriptor since="2.1">
    <description>
        Tests from Java Web Service with generics 
    </description>
    <client name="fromjava.generics">
        <![CDATA[
        Bar bar = new Bar();
        bar.setAge(33);
        assertTrue(echoPort.echoString(null) == null);
        assertTrue(echoPort.echoString("test").equals("test"));
        assertTrue(echoPort.echoString("Mary & Paul").equals("Mary & Paul"));
        assertTrue(echoPort.echoBar(null) == null);
        assertTrue(echoPort.echoBar(bar).getAge() == bar.getAge());
        ]]>
    </client>
    <service/>
</descriptor>
