<descriptor since="2.2" transport="http">
  <description>HTTP head method test</description>
    
  <service basedir="./server">
    <wsdl href="hello_literal.wsdl"/>
  </service>

</descriptor>
