<descriptor since="2..1.3" uses="multi-endpoint">
  <description>Handler tests with single type handler tube
      The Service exercies handlers are properly invoked and
      closed in correct order with different ports in the service. 
  </description>
    
  <service basedir="./server">
      <wsdl href="hello_literal.wsdl"/>
  </service>

</descriptor>
