<descriptor since="2.1.7" bugs="JAX-WS-557">
  <description>
    Test JAXB annotations on Web Params
  </description>
  <client name="fromjava.jaxb_annotation">
  //See https://jaxb.dev.java.net/issues/show_bug.cgi?id=696
      String s = "\t\rtest test\t";
      String exp = "  test test ";
      assertEquals(exp, echoPort.normalize(s));
      NormalizedString normStr = new NormalizedString();
      normStr.setNormalized(s);
      assertEquals(exp, echoPort.echo(normStr).getNormalized());

  </client>
  <service />
</descriptor>
