<!--
  Marking as skipped since Google refuses the connections sometimes.
-->
<descriptor since="2.1" skip="true" >
  <description>
    Google web service with dispatch
  </description>
</descriptor>
