<descriptor since="2.0">
  <description>This is a fromjava type substitution test </description>
  <client href ="*.bsh" />
  <service basedir="./server">
  </service>
</descriptor>