<descriptor since="2.0">
  <description>This is a Provider test</description>
  <client name="provider.doclit1" sideEffectFree="true"><![CDATA[
    req = new Hello_Type();
    req.setArgument("arg");
    req.setExtra("extra");
    for(i=0; i < 5; i++) {
        response = helloPort.hello(req, req);
        assertEquals("arg", response.getArgument());
        assertEquals("extra", response.getExtra());
    }
  ]]></client>

  <client name="provider.doclit3" sideEffectFree="true"><![CDATA[
    req = new Hello_Type();
    req.setArgument("fault");
    req.setExtra("extra");
    try {
        response = helloPort.hello(req, req);
    } catch (SOAPFaultException e) {
        se = (SOAPFaultException)e;
        assertEquals("Server was unable to process request. ---> Not a valid accountnumber.", se.getFault().getFaultString());
    }
  ]]></client>

  <client name="provider.verify.wsdl" transport="http" sideEffectFree="true"><![CDATA[
        URL pubUrl = new URL(helloPortAddress + "?wsdl");
        InputStream in = pubUrl.openStream();
        while(in.read() != -1);
        in.close();
  ]]></client>

  <client name="provider.verify.xsd" transport="http" sideEffectFree="true"><![CDATA[
        URL pubUrl = new URL(helloPortAddress + "?xsd=1");
        InputStream in = pubUrl.openStream();
        while(in.read() != -1);
        in.close();
  ]]></client>

  <service basedir="./server">
    <wsdl href="hello_literal.wsdl"/>
  </service>

</descriptor>
