<descriptor since="2.1.5">
  <description>Sends fault message to Endpoint</description>

</descriptor>
