<descriptor since="2.0" >
  <description>stax parser</description>

</descriptor>
