<descriptor since="2.2" uses="ri">
  <description>HeaderTest</description>

</descriptor>
