<descriptor since="2.2.2" bugs="jax-ws-819">
    <description>Wsdl using extensibility elements at various points</description>
    <service basedir="./server">
        <wsdl href="hello_literal.wsdl"/>
    </service>
</descriptor>