<descriptor since="2.0">
    <description>Creates proxy from SEI</description>
    <service basedir="./server">
        <wsdl href="hello_literal.wsdl"/>
    </service>

</descriptor>
