<descriptor since="2.1.5">
   <wsimport-server>-extension</wsimport-server>
    <description>This tests wsimport extension swicth to consume wsdl with JMS transport</description>

    <service basedir="./server">
        <wsdl href="EchoService.wsdl"/>
    </service>
</descriptor>