<descriptor since="2.0" transport="http">
  <description>This is a Provider test</description>

  <client name="testMessageContext" sideEffectFree="true">
  <![CDATA[
    response = helloMsgPort.voidTest(new VoidType());
    assertNotNull(response);
  ]]></client>

  <service basedir="./server">
    <wsdl href="hello_literal.wsdl"/>
  </service>

</descriptor>
