<!--
   Depends on StreamingHandler which is available in 2.1.3 only.
   in-vm transport keeps all transport data in memory.
-->
<descriptor since="2.1.3" transport="http" uses="ri">
  <description>This is a fromwsdl swaref test</description>
  <service basedir="./server">
    <wsdl href="hello.wsdl"/>
  </service>
</descriptor>
