<descriptor since="2.2.3" transport="http" uses="servlet">
  <description>HA test</description>
  <service basedir="./server">
  </service>

</descriptor>
