<descriptor since="2.0">
    <description>This is a fromwsdl SOAP 1.2 very basic doclit tests tests</description>
    <service basedir="./server">
        <wsdl href="hello.wsdl"/>
    </service>

    <client name="test1">
            arg = "foo";
            extra = "bar";
            req = new Hello_Type();
            req.setArgument(arg);
            req.setExtra(extra);
            response = helloPort.hello(req);
            assertEquals(arg, response.getArgument());
            assertEquals(extra, response.getExtra());
    </client>

    <client name="test2">
        req = new VoidType();
        response = helloPort.voidTest(req);
        assertNotNull(response);
    </client>

    <client name="test3">
        <description>
            Tests SOAP header and body with inout rules in doclit wrapped mode.
        </description>
            String[] in = {"JAXRPC 1.0", "JAXRPC 1.1", "JAXRPC 1.1.2", "JAXRPC 2.0"};
            nt = new NameType();
            nt.getName().add(in[0]);
            nt.getName().add(in[1]);
            nt.getName().add(in[2]);
            nt.getName().add(in[3]);
            req = new Holder(nt);
            helloPort.echoArray(req);
            assertNull(req.value);
    </client>

    <client name="test4">
        <description>
            Tests inout SOAP header and body in dolict bare mode.
        </description>
            String[] in = {"JAXRPC 1.0", "JAXRPC 1.1", "JAXRPC 1.1.2", "JAXRPC 2.0", "EA"};
            nt = new NameType();
            nt.getName().add(in[0]);
            nt.getName().add(in[1]);
            nt.getName().add(in[2]);
            nt.getName().add(in[3]);
            req = new Holder(nt);
            helloPort.echoArray1(req);
            assertTrue(java.util.Arrays.equals(in, req.value.getName().toArray()));
    </client>

    <client name="test5">
            req = new Holder();
            helloPort.echoArray2(req);
            assertNull(req.value);
    </client>

    <client name="test6">
            in = new ArrayList();
            in.add("JAXRPC 1.0");
            in.add("JAXRPC 1.1");
            in.add("JAXRPC 1.1.2");
            in.add("JAXRPC 2.0");
            req = new Holder(in);
            helloPort.echoArray3(req);
            assertEquals(in, req.value);
    </client>

    <client name="test7">
            resp = helloPort.echoArray4(new NameType1());
            assertEquals(resp.getName().get(0).getArgument(), "arg1");
            assertEquals(resp.getName().get(0).getExtra(), "extra1");
            assertEquals(resp.getName().get(1).getArgument(), "arg2");
            assertEquals(resp.getName().get(1).getExtra(), "extra2");
    </client>
</descriptor>