<descriptor since="2.1.3" uses="ri">
    <description>
        Test for com.sun.xml.ws.api.MessageHandler functionality
    </description>
    <client name="handler.messagehandler">
        <description>
            Checks if the handlers get invoked on Client and Service.
        </description>
     <![CDATA[
     /*
     * Each handler adds one to the int during request and response,
     * so we should receive the original number plus 4 if the
     * handlers are working.
     */
        int x = 1;
        int diff = 4; // 2 per handler invoked
        int y = helloPort.hello(x);
        //System.out.println("sent: " + x + ", expect " + (x+diff) + " back. received: " + y);
       //assertTrue(y == x+diff); // x+4 with all handlers
        ]]>
    </client>
    

    <service basedir="./server"/>
</descriptor>
