<descriptor since="2.2">
  <description>holder_508</description>

  <client name="holder_508_test" sideEffectFree="true">
  <description>testEnum</description>
  <![CDATA[
    holder = new Holder();
    assertEquals(30, addNumbersPort.addNumbers(holder,30));
  ]]></client>
    
  <service basedir="./server">
    <wsdl href="AddNumbers.wsdl"/>
  </service>

</descriptor>
