<descriptor since="2.1.3">
    <wsimport-client>-XadditionalHeaders</wsimport-client>
    <wsimport-server>-XadditionalHeaders</wsimport-server>    
    <description>This is a fromwsdl additional header doc/lit test</description>

    <client name="fromwsdl.addtional_header.echoWithInHeaders">
        <description>
            test additional headers - echoWithInHeaders
        </description>
        resp = helloPort.echoWithInHeaders("body", "additionalHeader1", "additionalHeader2");
        assertEquals("bodyadditionalHeader1additionalHeader2", resp);
    </client>

    <client name="fromwsdl.addtional_header.echoWithOutHeaders">
        <description>
            test additional headers - echoWithOutHeaders
        </description>
        header1 = new Holder();
        header2 = new Holder();
        resp = helloPort.echoWithOutHeaders("body", header1, header2);
        assertEquals("bodyadditionalHeader1additionalHeader2", resp);
        assertEquals("bodyadditionalHeader1", header1.value);
        assertEquals("bodyadditionalHeader2", header2.value);
    </client>

    <client name="fromwsdl.addtional_header.echoWithInOutHeaders">
        <description>
            test additional headers - echoWithInOutHeaders
        </description>
        header1 = new Holder();
        header1.value = "additionalHeader1";
        header2 = new Holder();
        resp = helloPort.echoWithInOutHeaders("body", header1, header2);
        assertEquals("bodyadditionalHeader1additionalHeader2", resp);
        assertEquals("bodyadditionalHeader1", header1.value);
        assertEquals("bodyadditionalHeader2", header2.value);
    </client>

    <client name="fromwsdl.addtional_header.echoWithInOutHeadersBare">
        <description>
            test additional headers - echoWithInOutHeaders
        </description>
        req = new EchoType();
        req.setReqInfo("body");
        header1 = new Holder();
        header2 = new Holder();
        header2.value = "additionalHeader2";
        resp = helloPort.echoWithInOutHeadersBare(req, "header", header2, header1);
        assertEquals("bodyheaderadditionalHeader1additionalHeader2", resp.getRespInfo());
        assertEquals("bodyadditionalHeader1", header1.value);
        assertEquals("bodyadditionalHeader2", header2.value);
    </client>

    <service basedir="./server">
        <wsdl href="sample.wsdl"/>
    </service>
</descriptor>