<descriptor since="2.1" uses="ri">
  <description>JAXB Tests</description>

</descriptor>
