<!-- Not fixed in 2.2.2 -->
<descriptor since="2.2.3">
  <description>Testcase for issue 564 </description>
  <client href="test.bsh" />
  <client href="test1.bsh" />
</descriptor>

