<descriptor since="2.2.6">
  <description>Testcase for issue 564 </description>
  <client href="test.bsh" />
  <client href="test1.bsh" />
</descriptor>

