<descriptor since="2.2.1">
  <description>Service.setExecutor() tests</description>
  <service basedir="./server">
    <wsdl href="hello_literal.wsdl" />
  </service>
</descriptor>
