<descriptor since="2.1.5" bugs="jax-ws-629" uses="ri">
    <description>End to End tests checking WSA Properties in MessageContext</description>
    <service basedir="./server">
        <wsdl href="AddNumbers.wsdl"/>
    </service>  
</descriptor>
