<descriptor since="2.2.5" bugs="jax-ws-934">
  <description>This test MU processing with SEI/Dispatch in Service Modes Payload and Message</description>
  <service basedir="./server">
    <wsdl href="hello_literal.wsdl"/>
  </service>

</descriptor>
