<descriptor since="2.1" uses="ri">
  <description>Endpoint API</description>

</descriptor>
