<descriptor since="2.0">
  <description>This is a fromwsdl swaref test</description>
  <client href ="test.bsh" />
  <service basedir="./server">
    <wsdl href="hello.wsdl"/>
  </service>
</descriptor>