<descriptor since="2.2" bugs="jax-ws-729">
    <description>customization test for fully qualified exception names</description>
    <service basedir="./server">
        <wsdl href="custom.wsdl"/>
    </service>
    <client name="test3">
        // customized with fully qualified service class name
        customService = new custom.pkg.CustomService();
        helloPort = customService.getHelloPort();
        assertEquals("HelloWorld!", helloPort.foo("Hello", "World!"));
    </client>
</descriptor>
