<descriptor since="2.2" bugs="jax-ws-728">
    <description>customization test for fully qualified exception names</description>
    <service basedir="./server">
        <wsdl href="custom.wsdl"/>
    </service>
    <client name="test3">
        assertEquals("HelloWorld!", helloPort.foo("Hello", "World!"));
    </client>
</descriptor>
