<descriptor since="2.1.1" uses="ri">
  <description>This is a AsyncProvider test</description>
  <client href ="test.bsh" />
  <service basedir="./server">
    <wsdl href="hello_literal.wsdl"/>
  </service>
</descriptor>

