<descriptor since="2.1.*" bugs="jax-ws-CR-6890042">
    <description>Tests EPR</description>
</descriptor>