<descriptor since="2.2" uses="ri">
  <description>SAAJ Message test 535</description>

</descriptor>
