<descriptor since="2.1.8">
  <description>dynamic_775</description>

  <service basedir="./server">
  </service>

</descriptor>
